<?xml version="1.0" encoding="UTF-8"?>
<coverage generated="1652246408521" clover="3.2.0">
  <project timestamp="1652246408522" name="All files">
    <metrics statements="25" coveredstatements="5" conditionals="2" coveredconditionals="1" methods="10" coveredmethods="1" elements="37" coveredelements="7" complexity="0" loc="25" ncloc="25" packages="1" files="3" classes="3"/>
    <file name="App.css" path="C:\Users\extwe\OneDrive\Desktop\assignments\parking\src\App.css">
      <metrics statements="0" coveredstatements="0" conditionals="0" coveredconditionals="0" methods="0" coveredmethods="0"/>
    </file>
    <file name="Parking.tsx" path="C:\Users\extwe\OneDrive\Desktop\assignments\parking\src\Parking.tsx">
      <metrics statements="12" coveredstatements="4" conditionals="2" coveredconditionals="1" methods="5" coveredmethods="1"/>
      <line num="9" count="1" type="stmt"/>
      <line num="10" count="2" type="stmt"/>
      <line num="18" count="2" type="stmt"/>
      <line num="20" count="2" type="stmt"/>
      <line num="26" count="0" type="stmt"/>
      <line num="27" count="0" type="stmt"/>
      <line num="29" count="0" type="stmt"/>
      <line num="31" count="0" type="stmt"/>
      <line num="33" count="0" type="stmt"/>
      <line num="35" count="0" type="stmt"/>
      <line num="41" count="0" type="stmt"/>
      <line num="48" count="0" type="stmt"/>
    </file>
    <file name="ParkingContext.tsx" path="C:\Users\extwe\OneDrive\Desktop\assignments\parking\src\ParkingContext.tsx">
      <metrics statements="13" coveredstatements="1" conditionals="0" coveredconditionals="0" methods="5" coveredmethods="0"/>
      <line num="3" count="1" type="stmt"/>
      <line num="6" count="0" type="stmt"/>
      <line num="13" count="0" type="stmt"/>
      <line num="14" count="0" type="stmt"/>
      <line num="17" count="0" type="stmt"/>
      <line num="18" count="0" type="stmt"/>
      <line num="21" count="0" type="stmt"/>
      <line num="22" count="0" type="stmt"/>
      <line num="25" count="0" type="stmt"/>
      <line num="26" count="0" type="stmt"/>
      <line num="29" count="0" type="stmt"/>
      <line num="30" count="0" type="stmt"/>
      <line num="31" count="0" type="stmt"/>
    </file>
  </project>
</coverage>
