{"C:\\Users\\extwe\\OneDrive\\Desktop\\assignments\\parking\\src\\App.css": {"path":"C:\\Users\\extwe\\OneDrive\\Desktop\\assignments\\parking\\src\\App.css","statementMap":{},"fnMap":{},"branchMap":{},"s":{},"f":{},"b":{},"inputSourceMap":null,"_coverageSchema":"1a1c01bbd47fc00a2c39e90264f33305004495a9","hash":"ba3118646772771083ceb5a9a086ad273f4639f4"}
,"C:\\Users\\extwe\\OneDrive\\Desktop\\assignments\\parking\\src\\Parking.tsx": {"path":"C:\\Users\\extwe\\OneDrive\\Desktop\\assignments\\parking\\src\\Parking.tsx","statementMap":{"0":{"start":{"line":9,"column":23},"end":{"line":9,"column":37}},"1":{"start":{"line":10,"column":10},"end":{"line":14,"column":3}},"2":{"start":{"line":18,"column":65},"end":{"line":18,"column":77}},"3":{"start":{"line":20,"column":4},"end":{"line":62,"column":6}},"4":{"start":{"line":26,"column":12},"end":{"line":26,"column":31}},"5":{"start":{"line":27,"column":12},"end":{"line":27,"column":36}},"6":{"start":{"line":29,"column":41},"end":{"line":32,"column":13}},"7":{"start":{"line":31,"column":25},"end":{"line":31,"column":30}},"8":{"start":{"line":33,"column":12},"end":{"line":40,"column":14}},"9":{"start":{"line":35,"column":16},"end":{"line":38,"column":18}},"10":{"start":{"line":41,"column":13},"end":{"line":41,"column":43}},"11":{"start":{"line":48,"column":14},"end":{"line":50,"column":17}}},"fnMap":{"0":{"name":"(anonymous_0)","decl":{"start":{"line":17,"column":2},"end":{"line":17,"column":3}},"loc":{"start":{"line":17,"column":11},"end":{"line":63,"column":3}},"line":17},"1":{"name":"(anonymous_1)","decl":{"start":{"line":25,"column":20},"end":{"line":25,"column":21}},"loc":{"start":{"line":25,"column":27},"end":{"line":42,"column":11}},"line":25},"2":{"name":"(anonymous_2)","decl":{"start":{"line":31,"column":14},"end":{"line":31,"column":15}},"loc":{"start":{"line":31,"column":25},"end":{"line":31,"column":30}},"line":31},"3":{"name":"(anonymous_3)","decl":{"start":{"line":34,"column":41},"end":{"line":34,"column":42}},"loc":{"start":{"line":34,"column":53},"end":{"line":39,"column":15}},"line":34},"4":{"name":"(anonymous_4)","decl":{"start":{"line":47,"column":22},"end":{"line":47,"column":23}},"loc":{"start":{"line":47,"column":29},"end":{"line":51,"column":13}},"line":47}},"branchMap":{"0":{"loc":{"start":{"line":59,"column":9},"end":{"line":59,"column":77}},"type":"binary-expr","locations":[{"start":{"line":59,"column":9},"end":{"line":59,"column":28}},{"start":{"line":59,"column":32},"end":{"line":59,"column":77}}],"line":59}},"s":{"0":1,"1":2,"2":2,"3":2,"4":0,"5":0,"6":0,"7":0,"8":0,"9":0,"10":0,"11":0},"f":{"0":2,"1":0,"2":0,"3":0,"4":0},"b":{"0":[2,0]},"_coverageSchema":"1a1c01bbd47fc00a2c39e90264f33305004495a9","hash":"221424bdf084d2c182aea7eeba6574719fcfea72"}
,"C:\\Users\\extwe\\OneDrive\\Desktop\\assignments\\parking\\src\\ParkingContext.tsx": {"path":"C:\\Users\\extwe\\OneDrive\\Desktop\\assignments\\parking\\src\\ParkingContext.tsx","statementMap":{"0":{"start":{"line":3,"column":23},"end":{"line":3,"column":40}},"1":{"start":{"line":6,"column":10},"end":{"line":11,"column":3}},"2":{"start":{"line":13,"column":16},"end":{"line":15,"column":3}},"3":{"start":{"line":14,"column":4},"end":{"line":14,"column":29}},"4":{"start":{"line":17,"column":18},"end":{"line":19,"column":3}},"5":{"start":{"line":18,"column":4},"end":{"line":18,"column":34}},"6":{"start":{"line":21,"column":13},"end":{"line":23,"column":3}},"7":{"start":{"line":22,"column":4},"end":{"line":22,"column":29}},"8":{"start":{"line":25,"column":22},"end":{"line":27,"column":3}},"9":{"start":{"line":26,"column":4},"end":{"line":26,"column":38}},"10":{"start":{"line":29,"column":59},"end":{"line":29,"column":69}},"11":{"start":{"line":30,"column":71},"end":{"line":30,"column":75}},"12":{"start":{"line":31,"column":4},"end":{"line":47,"column":6}}},"fnMap":{"0":{"name":"(anonymous_0)","decl":{"start":{"line":13,"column":16},"end":{"line":13,"column":17}},"loc":{"start":{"line":13,"column":37},"end":{"line":15,"column":3}},"line":13},"1":{"name":"(anonymous_1)","decl":{"start":{"line":17,"column":18},"end":{"line":17,"column":19}},"loc":{"start":{"line":17,"column":38},"end":{"line":19,"column":3}},"line":17},"2":{"name":"(anonymous_2)","decl":{"start":{"line":21,"column":13},"end":{"line":21,"column":14}},"loc":{"start":{"line":21,"column":32},"end":{"line":23,"column":3}},"line":21},"3":{"name":"(anonymous_3)","decl":{"start":{"line":25,"column":22},"end":{"line":25,"column":23}},"loc":{"start":{"line":25,"column":47},"end":{"line":27,"column":3}},"line":25},"4":{"name":"(anonymous_4)","decl":{"start":{"line":28,"column":2},"end":{"line":28,"column":3}},"loc":{"start":{"line":28,"column":11},"end":{"line":48,"column":3}},"line":28}},"branchMap":{},"s":{"0":1,"1":0,"2":0,"3":0,"4":0,"5":0,"6":0,"7":0,"8":0,"9":0,"10":0,"11":0,"12":0},"f":{"0":0,"1":0,"2":0,"3":0,"4":0},"b":{},"_coverageSchema":"1a1c01bbd47fc00a2c39e90264f33305004495a9","hash":"e87cc379f81bf45cfdcc6227f6ff130f634756f8"}
}
