{"C:\\Users\\extwe\\OneDrive\\Desktop\\assignments\\parking\\src\\Parking.tsx": {"path":"C:\\Users\\extwe\\OneDrive\\Desktop\\assignments\\parking\\src\\Parking.tsx","statementMap":{"0":{"start":{"line":9,"column":23},"end":{"line":9,"column":37}},"1":{"start":{"line":10,"column":10},"end":{"line":14,"column":3}},"2":{"start":{"line":18,"column":31},"end":{"line":18,"column":43}},"3":{"start":{"line":20,"column":4},"end":{"line":60,"column":6}},"4":{"start":{"line":26,"column":12},"end":{"line":26,"column":31}},"5":{"start":{"line":27,"column":38},"end":{"line":30,"column":13}},"6":{"start":{"line":29,"column":25},"end":{"line":29,"column":30}},"7":{"start":{"line":31,"column":12},"end":{"line":38,"column":14}},"8":{"start":{"line":33,"column":16},"end":{"line":36,"column":18}},"9":{"start":{"line":39,"column":13},"end":{"line":39,"column":43}},"10":{"start":{"line":46,"column":14},"end":{"line":48,"column":17}}},"fnMap":{"0":{"name":"(anonymous_0)","decl":{"start":{"line":17,"column":2},"end":{"line":17,"column":3}},"loc":{"start":{"line":17,"column":11},"end":{"line":61,"column":3}},"line":17},"1":{"name":"(anonymous_1)","decl":{"start":{"line":25,"column":20},"end":{"line":25,"column":21}},"loc":{"start":{"line":25,"column":27},"end":{"line":40,"column":11}},"line":25},"2":{"name":"(anonymous_2)","decl":{"start":{"line":29,"column":14},"end":{"line":29,"column":15}},"loc":{"start":{"line":29,"column":25},"end":{"line":29,"column":30}},"line":29},"3":{"name":"(anonymous_3)","decl":{"start":{"line":32,"column":42},"end":{"line":32,"column":43}},"loc":{"start":{"line":32,"column":54},"end":{"line":37,"column":15}},"line":32},"4":{"name":"(anonymous_4)","decl":{"start":{"line":45,"column":22},"end":{"line":45,"column":23}},"loc":{"start":{"line":45,"column":29},"end":{"line":49,"column":13}},"line":45}},"branchMap":{"0":{"loc":{"start":{"line":57,"column":9},"end":{"line":57,"column":77}},"type":"binary-expr","locations":[{"start":{"line":57,"column":9},"end":{"line":57,"column":28}},{"start":{"line":57,"column":32},"end":{"line":57,"column":77}}],"line":57}},"s":{"0":1,"1":4,"2":5,"3":5,"4":0,"5":0,"6":0,"7":0,"8":0,"9":0,"10":1},"f":{"0":5,"1":0,"2":0,"3":0,"4":1},"b":{"0":[5,0]},"_coverageSchema":"1a1c01bbd47fc00a2c39e90264f33305004495a9","hash":"0075a36a06f75fc46df8b2ed6a133572f420bbb1"}
,"C:\\Users\\extwe\\OneDrive\\Desktop\\assignments\\parking\\src\\ParkingContext.tsx": {"path":"C:\\Users\\extwe\\OneDrive\\Desktop\\assignments\\parking\\src\\ParkingContext.tsx","statementMap":{"0":{"start":{"line":3,"column":23},"end":{"line":3,"column":40}},"1":{"start":{"line":6,"column":10},"end":{"line":11,"column":3}},"2":{"start":{"line":13,"column":16},"end":{"line":15,"column":3}},"3":{"start":{"line":14,"column":4},"end":{"line":14,"column":29}},"4":{"start":{"line":17,"column":18},"end":{"line":19,"column":3}},"5":{"start":{"line":18,"column":4},"end":{"line":18,"column":34}},"6":{"start":{"line":21,"column":13},"end":{"line":23,"column":3}},"7":{"start":{"line":22,"column":4},"end":{"line":22,"column":29}},"8":{"start":{"line":25,"column":22},"end":{"line":27,"column":3}},"9":{"start":{"line":26,"column":4},"end":{"line":26,"column":38}},"10":{"start":{"line":29,"column":59},"end":{"line":29,"column":69}},"11":{"start":{"line":30,"column":71},"end":{"line":30,"column":75}},"12":{"start":{"line":31,"column":4},"end":{"line":47,"column":6}}},"fnMap":{"0":{"name":"(anonymous_0)","decl":{"start":{"line":13,"column":16},"end":{"line":13,"column":17}},"loc":{"start":{"line":13,"column":37},"end":{"line":15,"column":3}},"line":13},"1":{"name":"(anonymous_1)","decl":{"start":{"line":17,"column":18},"end":{"line":17,"column":19}},"loc":{"start":{"line":17,"column":38},"end":{"line":19,"column":3}},"line":17},"2":{"name":"(anonymous_2)","decl":{"start":{"line":21,"column":13},"end":{"line":21,"column":14}},"loc":{"start":{"line":21,"column":32},"end":{"line":23,"column":3}},"line":21},"3":{"name":"(anonymous_3)","decl":{"start":{"line":25,"column":22},"end":{"line":25,"column":23}},"loc":{"start":{"line":25,"column":47},"end":{"line":27,"column":3}},"line":25},"4":{"name":"(anonymous_4)","decl":{"start":{"line":28,"column":2},"end":{"line":28,"column":3}},"loc":{"start":{"line":28,"column":11},"end":{"line":48,"column":3}},"line":28}},"branchMap":{},"s":{"0":3,"1":0,"2":0,"3":0,"4":0,"5":0,"6":0,"7":0,"8":0,"9":0,"10":0,"11":0,"12":0},"f":{"0":0,"1":0,"2":0,"3":0,"4":0},"b":{},"_coverageSchema":"1a1c01bbd47fc00a2c39e90264f33305004495a9","hash":"e87cc379f81bf45cfdcc6227f6ff130f634756f8"}
,"C:\\Users\\extwe\\OneDrive\\Desktop\\assignments\\parking\\src\\ParkingDetails.tsx": {"path":"C:\\Users\\extwe\\OneDrive\\Desktop\\assignments\\parking\\src\\ParkingDetails.tsx","statementMap":{"0":{"start":{"line":9,"column":12},"end":{"line":14,"column":5}},"1":{"start":{"line":15,"column":25},"end":{"line":15,"column":39}},"2":{"start":{"line":18,"column":22},"end":{"line":23,"column":5}},"3":{"start":{"line":19,"column":8},"end":{"line":21,"column":10}},"4":{"start":{"line":22,"column":8},"end":{"line":22,"column":42}},"5":{"start":{"line":26,"column":20},"end":{"line":34,"column":5}},"6":{"start":{"line":27,"column":8},"end":{"line":32,"column":95}},"7":{"start":{"line":32,"column":21},"end":{"line":32,"column":93}},"8":{"start":{"line":37,"column":22},"end":{"line":46,"column":5}},"9":{"start":{"line":38,"column":50},"end":{"line":38,"column":62}},"10":{"start":{"line":39,"column":20},"end":{"line":39,"column":106}},"11":{"start":{"line":39,"column":63},"end":{"line":39,"column":105}},"12":{"start":{"line":40,"column":7},"end":{"line":40,"column":88}},"13":{"start":{"line":41,"column":7},"end":{"line":41,"column":32}},"14":{"start":{"line":42,"column":7},"end":{"line":44,"column":9}},"15":{"start":{"line":49,"column":19},"end":{"line":54,"column":5}},"16":{"start":{"line":50,"column":8},"end":{"line":52,"column":10}},"17":{"start":{"line":57,"column":38},"end":{"line":57,"column":50}},"18":{"start":{"line":60,"column":29},"end":{"line":61,"column":63}},"19":{"start":{"line":61,"column":11},"end":{"line":61,"column":61}},"20":{"start":{"line":65,"column":28},"end":{"line":65,"column":83}},"21":{"start":{"line":66,"column":30},"end":{"line":66,"column":87}},"22":{"start":{"line":70,"column":30},"end":{"line":70,"column":55}},"23":{"start":{"line":71,"column":32},"end":{"line":71,"column":55}},"24":{"start":{"line":73,"column":36},"end":{"line":73,"column":66}},"25":{"start":{"line":74,"column":38},"end":{"line":74,"column":72}},"26":{"start":{"line":76,"column":32},"end":{"line":76,"column":71}},"27":{"start":{"line":77,"column":29},"end":{"line":77,"column":59}},"28":{"start":{"line":78,"column":31},"end":{"line":78,"column":49}},"29":{"start":{"line":82,"column":30},"end":{"line":82,"column":111}},"30":{"start":{"line":90,"column":8},"end":{"line":112,"column":9}},"31":{"start":{"line":102,"column":79},"end":{"line":102,"column":132}},"32":{"start":{"line":103,"column":34},"end":{"line":103,"column":56}},"33":{"start":{"line":105,"column":77},"end":{"line":105,"column":96}}},"fnMap":{"0":{"name":"(anonymous_0)","decl":{"start":{"line":18,"column":22},"end":{"line":18,"column":23}},"loc":{"start":{"line":18,"column":28},"end":{"line":23,"column":5}},"line":18},"1":{"name":"(anonymous_1)","decl":{"start":{"line":26,"column":20},"end":{"line":26,"column":21}},"loc":{"start":{"line":26,"column":50},"end":{"line":34,"column":5}},"line":26},"2":{"name":"(anonymous_2)","decl":{"start":{"line":32,"column":14},"end":{"line":32,"column":15}},"loc":{"start":{"line":32,"column":21},"end":{"line":32,"column":93}},"line":32},"3":{"name":"(anonymous_3)","decl":{"start":{"line":37,"column":22},"end":{"line":37,"column":23}},"loc":{"start":{"line":37,"column":28},"end":{"line":46,"column":5}},"line":37},"4":{"name":"(anonymous_4)","decl":{"start":{"line":39,"column":42},"end":{"line":39,"column":43}},"loc":{"start":{"line":39,"column":63},"end":{"line":39,"column":105}},"line":39},"5":{"name":"(anonymous_5)","decl":{"start":{"line":49,"column":19},"end":{"line":49,"column":20}},"loc":{"start":{"line":49,"column":25},"end":{"line":54,"column":5}},"line":49},"6":{"name":"(anonymous_6)","decl":{"start":{"line":56,"column":4},"end":{"line":56,"column":5}},"loc":{"start":{"line":56,"column":12},"end":{"line":113,"column":5}},"line":56},"7":{"name":"(anonymous_7)","decl":{"start":{"line":60,"column":46},"end":{"line":60,"column":47}},"loc":{"start":{"line":60,"column":67},"end":{"line":61,"column":62}},"line":60},"8":{"name":"(anonymous_8)","decl":{"start":{"line":102,"column":73},"end":{"line":102,"column":74}},"loc":{"start":{"line":102,"column":79},"end":{"line":102,"column":132}},"line":102},"9":{"name":"(anonymous_9)","decl":{"start":{"line":103,"column":29},"end":{"line":103,"column":30}},"loc":{"start":{"line":103,"column":34},"end":{"line":103,"column":56}},"line":103},"10":{"name":"(anonymous_10)","decl":{"start":{"line":105,"column":71},"end":{"line":105,"column":72}},"loc":{"start":{"line":105,"column":77},"end":{"line":105,"column":96}},"line":105}},"branchMap":{"0":{"loc":{"start":{"line":32,"column":21},"end":{"line":32,"column":93}},"type":"cond-expr","locations":[{"start":{"line":32,"column":42},"end":{"line":32,"column":65}},{"start":{"line":32,"column":69},"end":{"line":32,"column":93}}],"line":32},"1":{"loc":{"start":{"line":65,"column":28},"end":{"line":65,"column":83}},"type":"cond-expr","locations":[{"start":{"line":65,"column":49},"end":{"line":65,"column":79}},{"start":{"line":65,"column":82},"end":{"line":65,"column":83}}],"line":65},"2":{"loc":{"start":{"line":66,"column":30},"end":{"line":66,"column":87}},"type":"cond-expr","locations":[{"start":{"line":66,"column":51},"end":{"line":66,"column":83}},{"start":{"line":66,"column":86},"end":{"line":66,"column":87}}],"line":66},"3":{"loc":{"start":{"line":82,"column":30},"end":{"line":82,"column":111}},"type":"cond-expr","locations":[{"start":{"line":82,"column":47},"end":{"line":82,"column":49}},{"start":{"line":82,"column":52},"end":{"line":82,"column":111}}],"line":82},"4":{"loc":{"start":{"line":82,"column":52},"end":{"line":82,"column":111}},"type":"cond-expr","locations":[{"start":{"line":82,"column":69},"end":{"line":82,"column":87}},{"start":{"line":82,"column":90},"end":{"line":82,"column":111}}],"line":82},"5":{"loc":{"start":{"line":106,"column":17},"end":{"line":106,"column":85}},"type":"binary-expr","locations":[{"start":{"line":106,"column":17},"end":{"line":106,"column":36}},{"start":{"line":106,"column":40},"end":{"line":106,"column":85}}],"line":106}},"s":{"0":5,"1":1,"2":5,"3":0,"4":0,"5":5,"6":1,"7":0,"8":5,"9":0,"10":0,"11":0,"12":0,"13":0,"14":0,"15":5,"16":0,"17":5,"18":5,"19":1,"20":5,"21":5,"22":5,"23":5,"24":5,"25":5,"26":5,"27":5,"28":5,"29":5,"30":5,"31":1,"32":0,"33":0},"f":{"0":0,"1":1,"2":0,"3":0,"4":0,"5":0,"6":5,"7":1,"8":1,"9":0,"10":0},"b":{"0":[0,0],"1":[0,5],"2":[0,5],"3":[0,5],"4":[5,0],"5":[5,0]},"_coverageSchema":"1a1c01bbd47fc00a2c39e90264f33305004495a9","hash":"f1633735b2625ce6c46c0b61d106b68ec050ac44"}
,"C:\\Users\\extwe\\OneDrive\\Desktop\\assignments\\parking\\src\\ParkingLot.tsx": {"path":"C:\\Users\\extwe\\OneDrive\\Desktop\\assignments\\parking\\src\\ParkingLot.tsx","statementMap":{"0":{"start":{"line":9,"column":23},"end":{"line":9,"column":37}},"1":{"start":{"line":11,"column":10},"end":{"line":14,"column":3}},"2":{"start":{"line":17,"column":26},"end":{"line":21,"column":3}},"3":{"start":{"line":18,"column":4},"end":{"line":18,"column":25}},"4":{"start":{"line":19,"column":4},"end":{"line":19,"column":26}},"5":{"start":{"line":20,"column":4},"end":{"line":20,"column":61}},"6":{"start":{"line":24,"column":17},"end":{"line":26,"column":3}},"7":{"start":{"line":25,"column":4},"end":{"line":25,"column":32}},"8":{"start":{"line":28,"column":26},"end":{"line":50,"column":5}},"9":{"start":{"line":29,"column":52},"end":{"line":29,"column":64}},"10":{"start":{"line":30,"column":4},"end":{"line":30,"column":23}},"11":{"start":{"line":32,"column":25},"end":{"line":34,"column":5}},"12":{"start":{"line":33,"column":28},"end":{"line":33,"column":54}},"13":{"start":{"line":35,"column":4},"end":{"line":37,"column":5}},"14":{"start":{"line":36,"column":6},"end":{"line":36,"column":32}},"15":{"start":{"line":38,"column":36},"end":{"line":38,"column":92}},"16":{"start":{"line":42,"column":26},"end":{"line":42,"column":130}},"17":{"start":{"line":42,"column":70},"end":{"line":42,"column":129}},"18":{"start":{"line":43,"column":4},"end":{"line":48,"column":6}},"19":{"start":{"line":49,"column":4},"end":{"line":49,"column":30}},"20":{"start":{"line":53,"column":21},"end":{"line":59,"column":5}},"21":{"start":{"line":54,"column":29},"end":{"line":54,"column":41}},"22":{"start":{"line":55,"column":6},"end":{"line":58,"column":7}},"23":{"start":{"line":56,"column":8},"end":{"line":56,"column":38}},"24":{"start":{"line":57,"column":8},"end":{"line":57,"column":50}},"25":{"start":{"line":61,"column":27},"end":{"line":61,"column":39}},"26":{"start":{"line":63,"column":4},"end":{"line":119,"column":6}},"27":{"start":{"line":71,"column":16},"end":{"line":73,"column":19}},"28":{"start":{"line":88,"column":10},"end":{"line":109,"column":12}},"29":{"start":{"line":100,"column":30},"end":{"line":100,"column":62}},"30":{"start":{"line":126,"column":2},"end":{"line":126,"column":47}}},"fnMap":{"0":{"name":"(anonymous_0)","decl":{"start":{"line":17,"column":26},"end":{"line":17,"column":27}},"loc":{"start":{"line":17,"column":40},"end":{"line":21,"column":3}},"line":17},"1":{"name":"(anonymous_1)","decl":{"start":{"line":24,"column":17},"end":{"line":24,"column":18}},"loc":{"start":{"line":24,"column":23},"end":{"line":26,"column":3}},"line":24},"2":{"name":"(anonymous_2)","decl":{"start":{"line":28,"column":26},"end":{"line":28,"column":27}},"loc":{"start":{"line":28,"column":33},"end":{"line":50,"column":5}},"line":28},"3":{"name":"(anonymous_3)","decl":{"start":{"line":33,"column":6},"end":{"line":33,"column":7}},"loc":{"start":{"line":33,"column":28},"end":{"line":33,"column":54}},"line":33},"4":{"name":"(anonymous_4)","decl":{"start":{"line":42,"column":48},"end":{"line":42,"column":49}},"loc":{"start":{"line":42,"column":70},"end":{"line":42,"column":129}},"line":42},"5":{"name":"(anonymous_5)","decl":{"start":{"line":53,"column":21},"end":{"line":53,"column":22}},"loc":{"start":{"line":53,"column":42},"end":{"line":59,"column":5}},"line":53},"6":{"name":"(anonymous_6)","decl":{"start":{"line":60,"column":2},"end":{"line":60,"column":3}},"loc":{"start":{"line":60,"column":11},"end":{"line":120,"column":3}},"line":60},"7":{"name":"(anonymous_7)","decl":{"start":{"line":70,"column":24},"end":{"line":70,"column":25}},"loc":{"start":{"line":70,"column":31},"end":{"line":74,"column":15}},"line":70},"8":{"name":"(anonymous_8)","decl":{"start":{"line":87,"column":25},"end":{"line":87,"column":26}},"loc":{"start":{"line":87,"column":47},"end":{"line":110,"column":9}},"line":87},"9":{"name":"(anonymous_9)","decl":{"start":{"line":100,"column":25},"end":{"line":100,"column":26}},"loc":{"start":{"line":100,"column":30},"end":{"line":100,"column":62}},"line":100},"10":{"name":"setExitSlot","decl":{"start":{"line":125,"column":9},"end":{"line":125,"column":20}},"loc":{"start":{"line":125,"column":45},"end":{"line":127,"column":1}},"line":125}},"branchMap":{"0":{"loc":{"start":{"line":35,"column":4},"end":{"line":37,"column":5}},"type":"if","locations":[{"start":{"line":35,"column":4},"end":{"line":37,"column":5}},{"start":{},"end":{}}],"line":35},"1":{"loc":{"start":{"line":55,"column":6},"end":{"line":58,"column":7}},"type":"if","locations":[{"start":{"line":55,"column":6},"end":{"line":58,"column":7}},{"start":{},"end":{}}],"line":55},"2":{"loc":{"start":{"line":97,"column":32},"end":{"line":97,"column":66}},"type":"cond-expr","locations":[{"start":{"line":97,"column":52},"end":{"line":97,"column":59}},{"start":{"line":97,"column":61},"end":{"line":97,"column":66}}],"line":97},"3":{"loc":{"start":{"line":106,"column":26},"end":{"line":106,"column":114}},"type":"binary-expr","locations":[{"start":{"line":106,"column":26},"end":{"line":106,"column":43}},{"start":{"line":106,"column":47},"end":{"line":106,"column":114}}],"line":106},"4":{"loc":{"start":{"line":114,"column":9},"end":{"line":114,"column":81}},"type":"binary-expr","locations":[{"start":{"line":114,"column":9},"end":{"line":114,"column":28}},{"start":{"line":114,"column":32},"end":{"line":114,"column":81}}],"line":114}},"s":{"0":1,"1":9,"2":9,"3":1,"4":1,"5":1,"6":9,"7":0,"8":9,"9":0,"10":0,"11":0,"12":0,"13":0,"14":0,"15":0,"16":0,"17":0,"18":0,"19":0,"20":9,"21":0,"22":0,"23":0,"24":0,"25":9,"26":9,"27":1,"28":2,"29":0,"30":0},"f":{"0":1,"1":0,"2":0,"3":0,"4":0,"5":0,"6":9,"7":1,"8":2,"9":0,"10":0},"b":{"0":[0,0],"1":[0,0],"2":[1,1],"3":[2,1],"4":[9,0]},"_coverageSchema":"1a1c01bbd47fc00a2c39e90264f33305004495a9","hash":"0b8d82806065f0e5b78762d74d8c5486f6220fcd"}
}
