TN:
SF:src\Parking.tsx
FN:17,(anonymous_0)
FN:25,(anonymous_1)
FN:29,(anonymous_2)
FN:32,(anonymous_3)
FN:45,(anonymous_4)
FNF:5
FNH:2
FNDA:5,(anonymous_0)
FNDA:0,(anonymous_1)
FNDA:0,(anonymous_2)
FNDA:0,(anonymous_3)
FNDA:1,(anonymous_4)
DA:9,1
DA:10,4
DA:18,5
DA:20,5
DA:26,0
DA:27,0
DA:29,0
DA:31,0
DA:33,0
DA:39,0
DA:46,1
LF:11
LH:5
BRDA:57,0,0,5
BRDA:57,0,1,0
BRF:2
BRH:1
end_of_record
TN:
SF:src\ParkingContext.tsx
FN:13,(anonymous_0)
FN:17,(anonymous_1)
FN:21,(anonymous_2)
FN:25,(anonymous_3)
FN:28,(anonymous_4)
FNF:5
FNH:0
FNDA:0,(anonymous_0)
FNDA:0,(anonymous_1)
FNDA:0,(anonymous_2)
FNDA:0,(anonymous_3)
FNDA:0,(anonymous_4)
DA:3,3
DA:6,0
DA:13,0
DA:14,0
DA:17,0
DA:18,0
DA:21,0
DA:22,0
DA:25,0
DA:26,0
DA:29,0
DA:30,0
DA:31,0
LF:13
LH:1
BRF:0
BRH:0
end_of_record
TN:
SF:src\ParkingDetails.tsx
FN:18,(anonymous_0)
FN:26,(anonymous_1)
FN:32,(anonymous_2)
FN:37,(anonymous_3)
FN:39,(anonymous_4)
FN:49,(anonymous_5)
FN:56,(anonymous_6)
FN:60,(anonymous_7)
FN:102,(anonymous_8)
FN:103,(anonymous_9)
FN:105,(anonymous_10)
FNF:11
FNH:4
FNDA:0,(anonymous_0)
FNDA:1,(anonymous_1)
FNDA:0,(anonymous_2)
FNDA:0,(anonymous_3)
FNDA:0,(anonymous_4)
FNDA:0,(anonymous_5)
FNDA:5,(anonymous_6)
FNDA:1,(anonymous_7)
FNDA:1,(anonymous_8)
FNDA:0,(anonymous_9)
FNDA:0,(anonymous_10)
DA:9,5
DA:15,1
DA:18,5
DA:19,0
DA:22,0
DA:26,5
DA:27,1
DA:32,0
DA:37,5
DA:38,0
DA:39,0
DA:40,0
DA:41,0
DA:42,0
DA:49,5
DA:50,0
DA:57,5
DA:60,5
DA:61,1
DA:65,5
DA:66,5
DA:70,5
DA:71,5
DA:73,5
DA:74,5
DA:76,5
DA:77,5
DA:78,5
DA:82,5
DA:90,5
DA:102,1
DA:103,0
DA:105,0
LF:33
LH:22
BRDA:32,0,0,0
BRDA:32,0,1,0
BRDA:65,1,0,0
BRDA:65,1,1,5
BRDA:66,2,0,0
BRDA:66,2,1,5
BRDA:82,3,0,0
BRDA:82,3,1,5
BRDA:82,4,0,5
BRDA:82,4,1,0
BRDA:106,5,0,5
BRDA:106,5,1,0
BRF:12
BRH:5
end_of_record
TN:
SF:src\ParkingLot.tsx
FN:17,(anonymous_0)
FN:24,(anonymous_1)
FN:28,(anonymous_2)
FN:33,(anonymous_3)
FN:42,(anonymous_4)
FN:53,(anonymous_5)
FN:60,(anonymous_6)
FN:70,(anonymous_7)
FN:87,(anonymous_8)
FN:100,(anonymous_9)
FN:125,setExitSlot
FNF:11
FNH:4
FNDA:1,(anonymous_0)
FNDA:0,(anonymous_1)
FNDA:0,(anonymous_2)
FNDA:0,(anonymous_3)
FNDA:0,(anonymous_4)
FNDA:0,(anonymous_5)
FNDA:9,(anonymous_6)
FNDA:1,(anonymous_7)
FNDA:2,(anonymous_8)
FNDA:0,(anonymous_9)
FNDA:0,setExitSlot
DA:9,1
DA:11,9
DA:17,9
DA:18,1
DA:19,1
DA:20,1
DA:24,9
DA:25,0
DA:28,9
DA:29,0
DA:30,0
DA:32,0
DA:33,0
DA:35,0
DA:36,0
DA:38,0
DA:42,0
DA:43,0
DA:49,0
DA:53,9
DA:54,0
DA:55,0
DA:56,0
DA:57,0
DA:61,9
DA:63,9
DA:71,1
DA:88,2
DA:100,0
DA:126,0
LF:30
LH:13
BRDA:35,0,0,0
BRDA:35,0,1,0
BRDA:55,1,0,0
BRDA:55,1,1,0
BRDA:97,2,0,1
BRDA:97,2,1,1
BRDA:106,3,0,2
BRDA:106,3,1,1
BRDA:114,4,0,9
BRDA:114,4,1,0
BRF:10
BRH:5
end_of_record
